{"level":"warn","message":"Accessing non-existent property 'padLevels' of module exports inside circular dependency Warning","timestamp":"2021-09-22T12:23:01.819Z"}
{"level":"warn","message":"Accessing non-existent property 'padLevels' of module exports inside circular dependency Warning","timestamp":"2021-09-22T12:26:08.665Z"}
{"level":"warn","message":"Accessing non-existent property 'padLevels' of module exports inside circular dependency Warning","timestamp":"2021-09-22T12:26:17.080Z"}
{"level":"warn","message":"Accessing non-existent property 'padLevels' of module exports inside circular dependency Warning","timestamp":"2021-09-22T12:26:18.828Z"}
{"level":"warn","message":"Accessing non-existent property 'padLevels' of module exports inside circular dependency Warning","timestamp":"2021-09-22T12:26:20.057Z"}
{"level":"warn","message":"Accessing non-existent property 'padLevels' of module exports inside circular dependency Warning","timestamp":"2021-09-22T12:26:32.394Z"}
{"level":"info","message":"{\"method\":\"POST\",\"url\":\"/api/postwebhook\",\"status\":\"200\"}\n","timestamp":"2021-09-22T12:27:16.399Z"}
{"level":"info","message":"{\"method\":\"POST\",\"url\":\"/api/prewebhook\",\"status\":\"-\"}\n","timestamp":"2021-09-22T12:27:28.335Z"}
{"level":"info","message":"{\"method\":\"POST\",\"url\":\"/api/postwebhook\",\"status\":\"200\"}\n","timestamp":"2021-09-22T12:28:50.607Z"}
{"level":"info","message":"{\"method\":\"POST\",\"url\":\"/api/prewebhook\",\"status\":\"200\"}\n","timestamp":"2021-09-22T12:28:55.756Z"}
{"level":"info","message":"{\"method\":\"POST\",\"url\":\"/api/postwebhook\",\"status\":\"200\"}\n","timestamp":"2021-09-22T12:28:56.465Z"}
{"level":"info","message":"{\"method\":\"POST\",\"url\":\"/api/prewebhook\",\"status\":\"-\"}\n","timestamp":"2021-09-22T12:29:02.532Z"}
{"level":"info","message":"{\"method\":\"POST\",\"url\":\"/api/prewebhook\",\"status\":\"200\"}\n","timestamp":"2021-09-22T12:29:08.805Z"}
{"level":"info","message":"{\"method\":\"POST\",\"url\":\"/api/postwebhook\",\"status\":\"200\"}\n","timestamp":"2021-09-22T12:29:09.521Z"}
{"level":"info","message":"{\"method\":\"POST\",\"url\":\"/api/prewebhook\",\"status\":\"200\"}\n","timestamp":"2021-09-22T12:29:18.314Z"}
{"level":"info","message":"{\"method\":\"POST\",\"url\":\"/api/incidents\",\"status\":\"200\"}\n","timestamp":"2021-09-22T12:29:24.935Z"}
{"level":"info","message":"{\"method\":\"POST\",\"url\":\"/api/postwebhook\",\"status\":\"200\"}\n","timestamp":"2021-09-22T12:29:25.560Z"}
{"level":"warn","message":"Accessing non-existent property 'padLevels' of module exports inside circular dependency Warning","timestamp":"2021-09-22T12:31:26.892Z"}
{"level":"warn","message":"Accessing non-existent property 'padLevels' of module exports inside circular dependency Warning","timestamp":"2021-09-22T12:31:31.185Z"}
{"level":"warn","message":"Accessing non-existent property 'padLevels' of module exports inside circular dependency Warning","timestamp":"2021-09-22T12:31:32.717Z"}
{"level":"warn","message":"Accessing non-existent property 'padLevels' of module exports inside circular dependency Warning","timestamp":"2021-09-22T12:31:35.282Z"}
{"level":"warn","message":"Accessing non-existent property 'padLevels' of module exports inside circular dependency Warning","timestamp":"2021-09-22T12:31:39.544Z"}
{"level":"warn","message":"Accessing non-existent property 'padLevels' of module exports inside circular dependency Warning","timestamp":"2021-09-22T12:31:41.170Z"}
{"level":"warn","message":"Accessing non-existent property 'padLevels' of module exports inside circular dependency Warning","timestamp":"2021-09-22T12:31:44.086Z"}
{"level":"warn","message":"Accessing non-existent property 'padLevels' of module exports inside circular dependency Warning","timestamp":"2021-09-22T12:32:12.607Z"}
{"level":"warn","message":"Accessing non-existent property 'padLevels' of module exports inside circular dependency Warning","timestamp":"2021-09-22T12:32:22.241Z"}
{"level":"warn","message":"Accessing non-existent property 'padLevels' of module exports inside circular dependency Warning","timestamp":"2021-09-22T12:32:24.119Z"}
{"level":"warn","message":"Accessing non-existent property 'padLevels' of module exports inside circular dependency Warning","timestamp":"2021-09-22T12:32:45.709Z"}
{"level":"warn","message":"Accessing non-existent property 'padLevels' of module exports inside circular dependency Warning","timestamp":"2021-09-22T12:32:47.536Z"}
{"level":"info","message":"{\"method\":\"POST\",\"url\":\"/api/postwebhook\",\"status\":\"200\"}\n","timestamp":"2021-09-22T12:46:57.887Z"}
{"level":"info","message":"{\"method\":\"POST\",\"url\":\"/api/prewebhook\",\"status\":\"-\"}\n","timestamp":"2021-09-22T12:47:09.851Z"}
{"level":"info","message":"{\"method\":\"POST\",\"url\":\"/api/prewebhook\",\"status\":\"200\"}\n","timestamp":"2021-09-22T12:47:47.947Z"}
{"level":"info","message":"{\"method\":\"POST\",\"url\":\"/api/postwebhook\",\"status\":\"200\"}\n","timestamp":"2021-09-22T12:47:48.620Z"}
{"level":"info","message":"{\"method\":\"POST\",\"url\":\"/api/prewebhook\",\"status\":\"200\"}\n","timestamp":"2021-09-22T12:48:04.603Z"}
{"level":"info","message":"{\"method\":\"POST\",\"url\":\"/api/postwebhook\",\"status\":\"200\"}\n","timestamp":"2021-09-22T12:48:05.260Z"}
{"level":"info","message":"{\"method\":\"POST\",\"url\":\"/api/postwebhook\",\"status\":\"200\"}\n","timestamp":"2021-09-22T12:53:01.928Z"}
{"level":"info","message":"{\"method\":\"POST\",\"url\":\"/api/prewebhook\",\"status\":\"200\"}\n","timestamp":"2021-09-22T12:53:11.232Z"}
{"level":"info","message":"{\"method\":\"POST\",\"url\":\"/api/postwebhook\",\"status\":\"200\"}\n","timestamp":"2021-09-22T12:53:11.924Z"}
{"level":"info","message":"{\"method\":\"POST\",\"url\":\"/api/prewebhook\",\"status\":\"-\"}\n","timestamp":"2021-09-22T12:53:13.938Z"}
{"level":"info","message":"{\"method\":\"POST\",\"url\":\"/api/prewebhook\",\"status\":\"200\"}\n","timestamp":"2021-09-22T12:53:18.132Z"}
{"level":"info","message":"{\"method\":\"POST\",\"url\":\"/api/incidents\",\"status\":\"200\"}\n","timestamp":"2021-09-22T12:53:23.061Z"}
{"level":"info","message":"{\"method\":\"POST\",\"url\":\"/api/postwebhook\",\"status\":\"200\"}\n","timestamp":"2021-09-22T12:53:23.686Z"}
{"level":"warn","message":"Accessing non-existent property 'padLevels' of module exports inside circular dependency Warning","timestamp":"2021-09-22T12:54:03.393Z"}
{"level":"warn","message":"Accessing non-existent property 'padLevels' of module exports inside circular dependency Warning","timestamp":"2021-09-22T12:54:06.072Z"}
{"level":"info","message":"{\"method\":\"POST\",\"url\":\"/api/postwebhook\",\"status\":\"200\"}\n","timestamp":"2021-09-22T12:54:18.328Z"}
{"level":"info","message":"{\"method\":\"POST\",\"url\":\"/api/prewebhook\",\"status\":\"200\"}\n","timestamp":"2021-09-22T12:54:25.789Z"}
{"level":"info","message":"{\"method\":\"POST\",\"url\":\"/api/postwebhook\",\"status\":\"200\"}\n","timestamp":"2021-09-22T12:54:26.556Z"}
{"level":"info","message":"{\"method\":\"POST\",\"url\":\"/api/prewebhook\",\"status\":\"-\"}\n","timestamp":"2021-09-22T12:54:30.252Z"}
{"level":"info","message":"{\"method\":\"POST\",\"url\":\"/api/incidents\",\"status\":\"200\"}\n","timestamp":"2021-09-22T12:54:34.953Z"}
{"level":"info","message":"{\"method\":\"POST\",\"url\":\"/api/postwebhook\",\"status\":\"200\"}\n","timestamp":"2021-09-22T12:54:35.559Z"}
{"level":"info","message":"{\"method\":\"POST\",\"url\":\"/api/postwebhook\",\"status\":\"200\"}\n","timestamp":"2021-09-22T13:31:22.900Z"}
{"level":"info","message":"{\"method\":\"POST\",\"url\":\"/api/prewebhook\",\"status\":\"-\"}\n","timestamp":"2021-09-22T13:31:34.857Z"}
{"level":"warn","message":"Accessing non-existent property 'padLevels' of module exports inside circular dependency Warning","timestamp":"2021-09-23T07:27:26.186Z"}
{"level":"info","message":"{\"method\":\"GET\",\"url\":\"/\",\"status\":\"200\"}\n","timestamp":"2021-09-23T07:28:08.240Z"}
{"level":"info","message":"{\"method\":\"GET\",\"url\":\"/favicon.ico\",\"status\":\"404\"}\n","timestamp":"2021-09-23T07:28:08.538Z"}
{"level":"info","message":"{\"method\":\"GET\",\"url\":\"/\",\"status\":\"200\"}\n","timestamp":"2021-09-23T07:30:45.638Z"}
{"level":"info","message":"{\"method\":\"GET\",\"url\":\"/favicon.ico\",\"status\":\"404\"}\n","timestamp":"2021-09-23T07:30:45.931Z"}
{"level":"info","message":"{\"method\":\"GET\",\"url\":\"/\",\"status\":\"200\"}\n","timestamp":"2021-09-23T07:31:30.220Z"}
{"level":"info","message":"{\"method\":\"GET\",\"url\":\"/favicon.ico\",\"status\":\"404\"}\n","timestamp":"2021-09-23T07:31:30.641Z"}
{"level":"info","message":"{\"method\":\"GET\",\"url\":\"/\",\"status\":\"200\"}\n","timestamp":"2021-09-23T07:31:31.857Z"}
{"level":"info","message":"{\"method\":\"GET\",\"url\":\"/\",\"status\":\"200\"}\n","timestamp":"2021-09-23T07:31:32.928Z"}
{"level":"info","message":"{\"method\":\"GET\",\"url\":\"/\",\"status\":\"200\"}\n","timestamp":"2021-09-23T07:31:33.573Z"}
{"level":"info","message":"{\"method\":\"GET\",\"url\":\"/\",\"status\":\"200\"}\n","timestamp":"2021-09-23T07:31:33.784Z"}
{"level":"info","message":"{\"method\":\"GET\",\"url\":\"/\",\"status\":\"200\"}\n","timestamp":"2021-09-23T07:31:33.983Z"}
{"level":"info","message":"{\"method\":\"GET\",\"url\":\"/\",\"status\":\"200\"}\n","timestamp":"2021-09-23T07:31:34.315Z"}
{"level":"info","message":"{\"method\":\"GET\",\"url\":\"/\",\"status\":\"200\"}\n","timestamp":"2021-09-23T07:31:34.515Z"}
{"level":"info","message":"{\"method\":\"GET\",\"url\":\"/\",\"status\":\"200\"}\n","timestamp":"2021-09-23T07:31:34.667Z"}
{"level":"info","message":"{\"method\":\"GET\",\"url\":\"/\",\"status\":\"200\"}\n","timestamp":"2021-09-23T07:31:34.842Z"}
{"level":"info","message":"{\"method\":\"GET\",\"url\":\"/\",\"status\":\"200\"}\n","timestamp":"2021-09-23T07:31:35.055Z"}
{"level":"info","message":"{\"method\":\"GET\",\"url\":\"/\",\"status\":\"200\"}\n","timestamp":"2021-09-23T07:31:35.299Z"}
{"level":"info","message":"{\"method\":\"GET\",\"url\":\"/\",\"status\":\"200\"}\n","timestamp":"2021-09-23T07:31:35.478Z"}
{"level":"info","message":"{\"method\":\"GET\",\"url\":\"/\",\"status\":\"200\"}\n","timestamp":"2021-09-23T07:31:35.697Z"}
{"date":"Thu Sep 23 2021 14:25:17 GMT+0530 (India Standard Time)","process":{"pid":3680,"uid":null,"gid":null,"cwd":"C:\\Users\\srred\\Desktop\\MSAmlim\\watson-assistant-MSA","execPath":"C:\\Program Files\\nodejs\\node.exe","version":"v14.16.1","argv":["C:\\Program Files\\nodejs\\node.exe","C:\\Users\\srred\\Desktop\\MSAmlim\\watson-assistant-MSA\\app.js","app.js"],"memoryUsage":{"rss":58793984,"heapTotal":33775616,"heapUsed":19136824,"external":37395841,"arrayBuffers":35824990}},"os":{"loadavg":[0,0,0],"uptime":43657},"trace":[{"column":11,"file":"internal/validators.js","function":"validateString","line":124,"method":null,"native":false},{"column":5,"file":"path.js","function":"Object.dirname","line":583,"method":"dirname","native":false},{"column":18,"file":"C:\\Users\\srred\\Desktop\\MSAmlim\\watson-assistant-MSA\\app.js","function":null,"line":26,"method":null,"native":false},{"column":30,"file":"internal/modules/cjs/loader.js","function":"Module._compile","line":1063,"method":"_compile","native":false},{"column":10,"file":"internal/modules/cjs/loader.js","function":"Module._extensions..js","line":1092,"method":".js","native":false},{"column":32,"file":"internal/modules/cjs/loader.js","function":"Module.load","line":928,"method":"load","native":false},{"column":14,"file":"internal/modules/cjs/loader.js","function":"Module._load","line":769,"method":"_load","native":false},{"column":12,"file":"internal/modules/run_main.js","function":"Function.executeUserEntryPoint [as runMain]","line":72,"method":"executeUserEntryPoint [as runMain]","native":false},{"column":47,"file":"internal/main/run_main_module.js","function":null,"line":17,"method":null,"native":false}],"stack":["TypeError [ERR_INVALID_ARG_TYPE]: The \"path\" argument must be of type string. Received undefined","    at validateString (internal/validators.js:124:11)","    at Object.dirname (path.js:583:5)","    at Object.<anonymous> (C:\\Users\\srred\\Desktop\\MSAmlim\\watson-assistant-MSA\\app.js:26:18)","    at Module._compile (internal/modules/cjs/loader.js:1063:30)","    at Object.Module._extensions..js (internal/modules/cjs/loader.js:1092:10)","    at Module.load (internal/modules/cjs/loader.js:928:32)","    at Function.Module._load (internal/modules/cjs/loader.js:769:14)","    at Function.executeUserEntryPoint [as runMain] (internal/modules/run_main.js:72:12)","    at internal/main/run_main_module.js:17:47"],"level":"error","message":"uncaughtException: The \"path\" argument must be of type string. Received undefined","timestamp":"2021-09-23T08:55:17.431Z"}
{"level":"warn","message":"Accessing non-existent property 'padLevels' of module exports inside circular dependency Warning","timestamp":"2021-09-23T08:55:17.434Z"}
{"level":"warn","message":"Accessing non-existent property 'padLevels' of module exports inside circular dependency Warning","timestamp":"2021-09-23T08:55:27.185Z"}
{"level":"warn","message":"Accessing non-existent property 'padLevels' of module exports inside circular dependency Warning","timestamp":"2021-09-23T08:55:55.966Z"}
{"date":"Thu Sep 23 2021 14:25:56 GMT+0530 (India Standard Time)","process":{"pid":21376,"uid":null,"gid":null,"cwd":"C:\\Users\\srred\\Desktop\\MSAmlim\\watson-assistant-MSA","execPath":"C:\\Program Files\\nodejs\\node.exe","version":"v14.16.1","argv":["C:\\Program Files\\nodejs\\node.exe","C:\\Users\\srred\\Desktop\\MSAmlim\\watson-assistant-MSA\\app.js","app.js"],"memoryUsage":{"rss":58515456,"heapTotal":33513472,"heapUsed":20368672,"external":37702434,"arrayBuffers":36131583}},"os":{"loadavg":[0,0,0],"uptime":43697},"trace":[{"column":13,"file":"C:\\Users\\srred\\Desktop\\MSAmlim\\watson-assistant-MSA\\app.js","function":null,"line":26,"method":null,"native":false},{"column":30,"file":"internal/modules/cjs/loader.js","function":"Module._compile","line":1063,"method":"_compile","native":false},{"column":10,"file":"internal/modules/cjs/loader.js","function":"Module._extensions..js","line":1092,"method":".js","native":false},{"column":32,"file":"internal/modules/cjs/loader.js","function":"Module.load","line":928,"method":"load","native":false},{"column":14,"file":"internal/modules/cjs/loader.js","function":"Module._load","line":769,"method":"_load","native":false},{"column":12,"file":"internal/modules/run_main.js","function":"Function.executeUserEntryPoint [as runMain]","line":72,"method":"executeUserEntryPoint [as runMain]","native":false},{"column":47,"file":"internal/main/run_main_module.js","function":null,"line":17,"method":null,"native":false}],"stack":["ReferenceError: __ is not defined","    at Object.<anonymous> (C:\\Users\\srred\\Desktop\\MSAmlim\\watson-assistant-MSA\\app.js:26:13)","    at Module._compile (internal/modules/cjs/loader.js:1063:30)","    at Object.Module._extensions..js (internal/modules/cjs/loader.js:1092:10)","    at Module.load (internal/modules/cjs/loader.js:928:32)","    at Function.Module._load (internal/modules/cjs/loader.js:769:14)","    at Function.executeUserEntryPoint [as runMain] (internal/modules/run_main.js:72:12)","    at internal/main/run_main_module.js:17:47"],"level":"error","message":"uncaughtException: __ is not defined","timestamp":"2021-09-23T08:55:56.800Z"}
{"level":"warn","message":"Accessing non-existent property 'padLevels' of module exports inside circular dependency Warning","timestamp":"2021-09-23T08:55:56.804Z"}
{"level":"warn","message":"Accessing non-existent property 'padLevels' of module exports inside circular dependency Warning","timestamp":"2021-09-23T08:55:59.163Z"}
{"level":"warn","message":"Accessing non-existent property 'padLevels' of module exports inside circular dependency Warning","timestamp":"2021-09-24T09:05:32.059Z"}
{"level":"warn","message":"Accessing non-existent property 'padLevels' of module exports inside circular dependency Warning","timestamp":"2021-09-24T09:10:36.112Z"}
{"level":"warn","message":"Accessing non-existent property 'padLevels' of module exports inside circular dependency Warning","timestamp":"2021-09-24T09:10:55.658Z"}
{"level":"warn","message":"Accessing non-existent property 'padLevels' of module exports inside circular dependency Warning","timestamp":"2021-09-24T09:13:50.518Z"}
{"date":"Fri Sep 24 2021 14:43:50 GMT+0530 (India Standard Time)","process":{"pid":25328,"uid":null,"gid":null,"cwd":"C:\\Users\\srred\\Desktop\\MSAmlim\\watson-assistant-MSA","execPath":"C:\\Program Files\\nodejs\\node.exe","version":"v14.16.1","argv":["C:\\Program Files\\nodejs\\node.exe","C:\\Users\\srred\\Desktop\\MSAmlim\\watson-assistant-MSA\\app.js","app.js"],"memoryUsage":{"rss":60116992,"heapTotal":33775616,"heapUsed":19180064,"external":37388709,"arrayBuffers":35798575}},"os":{"loadavg":[0,0,0],"uptime":131171},"trace":[{"column":16,"file":"net.js","function":"Server.setupListenHandle [as _listen2]","line":1318,"method":"setupListenHandle [as _listen2]","native":false},{"column":12,"file":"net.js","function":"listenInCluster","line":1366,"method":null,"native":false},{"column":7,"file":"net.js","function":"Server.listen","line":1452,"method":"listen","native":false},{"column":24,"file":"C:\\Users\\srred\\Desktop\\MSAmlim\\watson-assistant-MSA\\node_modules\\express\\lib\\application.js","function":"Function.listen","line":618,"method":"listen","native":false},{"column":6,"file":"C:\\Users\\srred\\Desktop\\MSAmlim\\watson-assistant-MSA\\app.js","function":null,"line":40,"method":null,"native":false},{"column":30,"file":"internal/modules/cjs/loader.js","function":"Module._compile","line":1063,"method":"_compile","native":false},{"column":10,"file":"internal/modules/cjs/loader.js","function":"Module._extensions..js","line":1092,"method":".js","native":false},{"column":32,"file":"internal/modules/cjs/loader.js","function":"Module.load","line":928,"method":"load","native":false},{"column":14,"file":"internal/modules/cjs/loader.js","function":"Module._load","line":769,"method":"_load","native":false},{"column":12,"file":"internal/modules/run_main.js","function":"Function.executeUserEntryPoint [as runMain]","line":72,"method":"executeUserEntryPoint [as runMain]","native":false},{"column":47,"file":"internal/main/run_main_module.js","function":null,"line":17,"method":null,"native":false}],"stack":["Error: listen EADDRINUSE: address already in use :::4000","    at Server.setupListenHandle [as _listen2] (net.js:1318:16)","    at listenInCluster (net.js:1366:12)","    at Server.listen (net.js:1452:7)","    at Function.listen (C:\\Users\\srred\\Desktop\\MSAmlim\\watson-assistant-MSA\\node_modules\\express\\lib\\application.js:618:24)","    at Object.<anonymous> (C:\\Users\\srred\\Desktop\\MSAmlim\\watson-assistant-MSA\\app.js:40:6)","    at Module._compile (internal/modules/cjs/loader.js:1063:30)","    at Object.Module._extensions..js (internal/modules/cjs/loader.js:1092:10)","    at Module.load (internal/modules/cjs/loader.js:928:32)","    at Function.Module._load (internal/modules/cjs/loader.js:769:14)","    at Function.executeUserEntryPoint [as runMain] (internal/modules/run_main.js:72:12)","    at internal/main/run_main_module.js:17:47"],"level":"error","message":"uncaughtException: listen EADDRINUSE: address already in use :::4000","timestamp":"2021-09-24T09:13:50.592Z"}
{"level":"warn","message":"Accessing non-existent property 'padLevels' of module exports inside circular dependency Warning","timestamp":"2021-09-24T09:13:52.187Z"}
{"date":"Fri Sep 24 2021 14:43:52 GMT+0530 (India Standard Time)","process":{"pid":16664,"uid":null,"gid":null,"cwd":"C:\\Users\\srred\\Desktop\\MSAmlim\\watson-assistant-MSA","execPath":"C:\\Program Files\\nodejs\\node.exe","version":"v14.16.1","argv":["C:\\Program Files\\nodejs\\node.exe","C:\\Users\\srred\\Desktop\\MSAmlim\\watson-assistant-MSA\\app.js","app.js"],"memoryUsage":{"rss":60055552,"heapTotal":33775616,"heapUsed":19802008,"external":37482080,"arrayBuffers":35891946}},"os":{"loadavg":[0,0,0],"uptime":131172},"trace":[{"column":16,"file":"net.js","function":"Server.setupListenHandle [as _listen2]","line":1318,"method":"setupListenHandle [as _listen2]","native":false},{"column":12,"file":"net.js","function":"listenInCluster","line":1366,"method":null,"native":false},{"column":7,"file":"net.js","function":"Server.listen","line":1452,"method":"listen","native":false},{"column":24,"file":"C:\\Users\\srred\\Desktop\\MSAmlim\\watson-assistant-MSA\\node_modules\\express\\lib\\application.js","function":"Function.listen","line":618,"method":"listen","native":false},{"column":5,"file":"C:\\Users\\srred\\Desktop\\MSAmlim\\watson-assistant-MSA\\app.js","function":null,"line":40,"method":null,"native":false},{"column":30,"file":"internal/modules/cjs/loader.js","function":"Module._compile","line":1063,"method":"_compile","native":false},{"column":10,"file":"internal/modules/cjs/loader.js","function":"Module._extensions..js","line":1092,"method":".js","native":false},{"column":32,"file":"internal/modules/cjs/loader.js","function":"Module.load","line":928,"method":"load","native":false},{"column":14,"file":"internal/modules/cjs/loader.js","function":"Module._load","line":769,"method":"_load","native":false},{"column":12,"file":"internal/modules/run_main.js","function":"Function.executeUserEntryPoint [as runMain]","line":72,"method":"executeUserEntryPoint [as runMain]","native":false},{"column":47,"file":"internal/main/run_main_module.js","function":null,"line":17,"method":null,"native":false}],"stack":["Error: listen EADDRINUSE: address already in use :::4000","    at Server.setupListenHandle [as _listen2] (net.js:1318:16)","    at listenInCluster (net.js:1366:12)","    at Server.listen (net.js:1452:7)","    at Function.listen (C:\\Users\\srred\\Desktop\\MSAmlim\\watson-assistant-MSA\\node_modules\\express\\lib\\application.js:618:24)","    at Object.<anonymous> (C:\\Users\\srred\\Desktop\\MSAmlim\\watson-assistant-MSA\\app.js:40:5)","    at Module._compile (internal/modules/cjs/loader.js:1063:30)","    at Object.Module._extensions..js (internal/modules/cjs/loader.js:1092:10)","    at Module.load (internal/modules/cjs/loader.js:928:32)","    at Function.Module._load (internal/modules/cjs/loader.js:769:14)","    at Function.executeUserEntryPoint [as runMain] (internal/modules/run_main.js:72:12)","    at internal/main/run_main_module.js:17:47"],"level":"error","message":"uncaughtException: listen EADDRINUSE: address already in use :::4000","timestamp":"2021-09-24T09:13:52.259Z"}
{"level":"warn","message":"Accessing non-existent property 'padLevels' of module exports inside circular dependency Warning","timestamp":"2021-09-24T09:14:03.016Z"}
{"level":"info","message":"{\"method\":\"GET\",\"url\":\"/\",\"status\":\"200\"}\n","timestamp":"2021-09-24T09:14:07.282Z"}
{"level":"info","message":"{\"method\":\"GET\",\"url\":\"/favicon.ico\",\"status\":\"404\"}\n","timestamp":"2021-09-24T09:14:07.644Z"}
{"level":"info","message":"{\"method\":\"POST\",\"url\":\"/api/postwebhook\",\"status\":\"200\"}\n","timestamp":"2021-09-24T09:14:23.746Z"}
{"level":"info","message":"{\"method\":\"POST\",\"url\":\"/api/prewebhook\",\"status\":\"-\"}\n","timestamp":"2021-09-24T09:14:35.276Z"}
{"level":"warn","message":"Accessing non-existent property 'padLevels' of module exports inside circular dependency Warning","timestamp":"2021-09-24T09:16:36.190Z"}
{"level":"warn","message":"Accessing non-existent property 'padLevels' of module exports inside circular dependency Warning","timestamp":"2021-09-24T09:16:38.979Z"}
{"level":"warn","message":"Accessing non-existent property 'padLevels' of module exports inside circular dependency Warning","timestamp":"2021-09-24T09:16:48.254Z"}
{"level":"warn","message":"Accessing non-existent property 'padLevels' of module exports inside circular dependency Warning","timestamp":"2021-09-24T09:16:55.974Z"}
{"level":"warn","message":"Accessing non-existent property 'padLevels' of module exports inside circular dependency Warning","timestamp":"2021-09-24T09:16:58.771Z"}
{"level":"warn","message":"Accessing non-existent property 'padLevels' of module exports inside circular dependency Warning","timestamp":"2021-09-24T09:17:01.660Z"}
{"level":"warn","message":"Accessing non-existent property 'padLevels' of module exports inside circular dependency Warning","timestamp":"2021-09-24T09:17:06.112Z"}
{"level":"warn","message":"Accessing non-existent property 'padLevels' of module exports inside circular dependency Warning","timestamp":"2021-09-24T09:17:13.360Z"}
{"level":"warn","message":"Accessing non-existent property 'padLevels' of module exports inside circular dependency Warning","timestamp":"2021-09-24T09:17:27.168Z"}
{"level":"warn","message":"Accessing non-existent property 'padLevels' of module exports inside circular dependency Warning","timestamp":"2021-09-24T09:17:28.783Z"}
{"level":"warn","message":"Accessing non-existent property 'padLevels' of module exports inside circular dependency Warning","timestamp":"2021-09-24T09:17:43.515Z"}
{"level":"warn","message":"Accessing non-existent property 'padLevels' of module exports inside circular dependency Warning","timestamp":"2021-09-24T09:17:45.863Z"}
{"level":"warn","message":"Accessing non-existent property 'padLevels' of module exports inside circular dependency Warning","timestamp":"2021-09-24T09:17:50.309Z"}
{"level":"warn","message":"Accessing non-existent property 'padLevels' of module exports inside circular dependency Warning","timestamp":"2021-09-24T09:17:53.315Z"}
{"level":"warn","message":"Accessing non-existent property 'padLevels' of module exports inside circular dependency Warning","timestamp":"2021-09-24T09:17:55.537Z"}
{"level":"warn","message":"Accessing non-existent property 'padLevels' of module exports inside circular dependency Warning","timestamp":"2021-09-24T09:18:00.969Z"}
{"level":"warn","message":"Accessing non-existent property 'padLevels' of module exports inside circular dependency Warning","timestamp":"2021-09-24T09:18:04.236Z"}
{"level":"warn","message":"Accessing non-existent property 'padLevels' of module exports inside circular dependency Warning","timestamp":"2021-09-24T09:18:20.072Z"}
{"level":"info","message":"{\"method\":\"POST\",\"url\":\"/api/postwebhook\",\"status\":\"200\"}\n","timestamp":"2021-09-24T09:18:35.376Z"}
{"level":"info","message":"{\"method\":\"POST\",\"url\":\"/api/prewebhook\",\"status\":\"-\"}\n","timestamp":"2021-09-24T09:18:47.298Z"}
{"level":"info","message":"{\"method\":\"POST\",\"url\":\"/api/prewebhook\",\"status\":\"200\"}\n","timestamp":"2021-09-24T09:21:16.620Z"}
{"level":"info","message":"{\"method\":\"POST\",\"url\":\"/api/postwebhook\",\"status\":\"200\"}\n","timestamp":"2021-09-24T09:21:17.259Z"}
{"level":"info","message":"{\"method\":\"POST\",\"url\":\"/api/prewebhook\",\"status\":\"200\"}\n","timestamp":"2021-09-24T09:22:40.556Z"}
{"level":"info","message":"{\"method\":\"POST\",\"url\":\"/api/postwebhook\",\"status\":\"200\"}\n","timestamp":"2021-09-24T09:22:41.272Z"}
{"level":"info","message":"{\"method\":\"POST\",\"url\":\"/api/prewebhook\",\"status\":\"200\"}\n","timestamp":"2021-09-24T09:22:47.954Z"}
{"level":"info","message":"{\"method\":\"POST\",\"url\":\"/api/incidents\",\"status\":\"200\"}\n","timestamp":"2021-09-24T09:22:50.543Z"}
{"level":"info","message":"{\"method\":\"POST\",\"url\":\"/api/postwebhook\",\"status\":\"200\"}\n","timestamp":"2021-09-24T09:22:51.125Z"}
{"level":"warn","message":"Accessing non-existent property 'padLevels' of module exports inside circular dependency Warning","timestamp":"2021-09-28T06:08:53.725Z"}
{"level":"warn","message":"Accessing non-existent property 'padLevels' of module exports inside circular dependency Warning","timestamp":"2021-09-28T06:41:37.650Z"}
{"level":"warn","message":"Accessing non-existent property 'padLevels' of module exports inside circular dependency Warning","timestamp":"2021-09-28T12:24:04.168Z"}
